<?xml version="1.0" encoding="UTF-8"?>
<!-- Generated by org.testng.reporters.JUnitReportReporter -->
<testsuite hostname="3awsi" failures="0" tests="1" name="seleniumDemo.Css_SelectorEditLead" time="28.902" errors="0" timestamp="2024-02-29T16:41:56 EST" skipped="0">
  <testcase classname="seleniumDemo.Css_SelectorEditLead" name="testCssSelector" time="28.902"/>
  <system-out/>
</testsuite> <!-- seleniumDemo.Css_SelectorEditLead -->
