<?xml version="1.0" encoding="UTF-8"?>
<!-- Generated by org.testng.reporters.JUnitReportReporter -->
<testsuite hostname="3awsi" failures="0" tests="1" name="seleniumDemo.OpenURL" time="5.888" errors="0" timestamp="2024-02-04T21:35:03 EST" skipped="0">
  <testcase classname="seleniumDemo.OpenURL" name="testURL" time="5.888"/>
  <system-out/>
</testsuite> <!-- seleniumDemo.OpenURL -->
