<?xml version="1.0" encoding="UTF-8"?>
<!-- Generated by org.testng.reporters.JUnitReportReporter -->
<testsuite hostname="3awsi" failures="0" tests="1" name="seleniumDemo.BrowserTest" time="20.869" errors="0" timestamp="2024-03-23T14:14:33 EDT" skipped="0">
  <testcase classname="seleniumDemo.BrowserTest" name="contract" time="20.869"/>
  <system-out/>
</testsuite> <!-- seleniumDemo.BrowserTest -->
