<?xml version="1.0" encoding="UTF-8"?>
<!-- Generated by org.testng.reporters.JUnitReportReporter -->
<testsuite hostname="3awsi" failures="0" tests="2" name="steps.testRunner" time="17.912" errors="0" timestamp="2024-03-09T11:53:38 EST" skipped="0">
  <testcase classname="steps.testRunner" name="runScenario" time="10.249"/>
  <system-out/>
  <testcase classname="steps.testRunner" name="runScenario" time="7.663"/>
  <system-out/>
</testsuite> <!-- steps.testRunner -->
