<?xml version="1.0" encoding="UTF-8"?>
<!-- Generated by org.testng.reporters.JUnitReportReporter -->
<testsuite hostname="3awsi" failures="0" tests="1" name="com.testLeaf.testcase.TestcaseExecution" time="22.460" errors="0" timestamp="2024-03-23T14:33:42 EDT" skipped="0">
  <testcase classname="com.testLeaf.testcase.TestcaseExecution" name="Execution" time="22.460"/>
  <system-out/>
</testsuite> <!-- com.testLeaf.testcase.TestcaseExecution -->
