<?xml version="1.0" encoding="UTF-8"?>
<!-- Generated by org.testng.reporters.JUnitReportReporter -->
<testsuite hostname="3awsi" failures="0" tests="3" name="learnTestNG.TestNGAnnotations" time="0.015" errors="0" timestamp="2024-02-22T09:21:23 EST" skipped="0">
  <testcase classname="learnTestNG.TestNGAnnotations" name="test0" time="0.011"/>
  <system-out/>
  <testcase classname="learnTestNG.TestNGAnnotations" name="test1" time="0.002"/>
  <system-out/>
  <testcase classname="learnTestNG.TestNGAnnotations" name="test3" time="0.002"/>
  <system-out/>
</testsuite> <!-- learnTestNG.TestNGAnnotations -->
