<?xml version="1.0" encoding="UTF-8"?>
<!-- Generated by org.testng.reporters.JUnitReportReporter -->
<testsuite hostname="3awsi" failures="0" tests="1" name="seleniumDemo.Css_Selector" time="25.509" errors="0" timestamp="2024-02-26T23:33:21 EST" skipped="0">
  <testcase classname="seleniumDemo.Css_Selector" name="testCssSelector" time="25.509"/>
  <system-out/>
</testsuite> <!-- seleniumDemo.Css_Selector -->
